[    0.000000] Initializing cgroup subsys cpuset
[    0.000000] Initializing cgroup subsys cpu
[    0.000000] Initializing cgroup subsys cpuacct
[    0.000000] Linux version 4.4.0-140-generic (buildd@lgw01-amd64-039) (gcc version 5.4.0 20160609 (Ubuntu 5.4.0-6ubuntu1~16.04.10) ) #166-Ubuntu SMP Wed Nov 14 20:09:35 UTC 2018 (Ubuntu 4.4.0-140.166-generic 4.4.162)
[    0.000000] KERNEL supported cpus:
[    0.000000]   Intel GenuineIntel
[    0.000000]   AMD AuthenticAMD
[    0.000000]   NSC Geode by NSC
[    0.000000]   Cyrix CyrixInstead
[    0.000000]   Centaur CentaurHauls
[    0.000000]   Transmeta GenuineTMx86
[    0.000000]   Transmeta TransmetaCPU
[    0.000000]   UMC UMC UMC UMC
[    0.000000] x86/fpu: xstate_offset[2]:  576, xstate_sizes[2]:  256
[    0.000000] x86/fpu: Supporting XSAVE feature 0x01: 'x87 floating point registers'
[    0.000000] x86/fpu: Supporting XSAVE feature 0x02: 'SSE registers'
[    0.000000] x86/fpu: Supporting XSAVE feature 0x04: 'AVX registers'
[    0.000000] x86/fpu: Enabled xstate features 0x7, context size is 832 bytes, using 'standard' format.
[    0.000000] e820: BIOS-provided physical RAM map:
[    0.000000] BIOS-e820: [mem 0x0000000000000000-0x000000000009fbff] usable
[    0.000000] BIOS-e820: [mem 0x000000000009fc00-0x000000000009ffff] reserved
[    0.000000] BIOS-e820: [mem 0x00000000000f0000-0x00000000000fffff] reserved
[    0.000000] BIOS-e820: [mem 0x0000000000100000-0x000000001ffeffff] usable
[    0.000000] BIOS-e820: [mem 0x000000001fff0000-0x000000001fffffff] ACPI data
[    0.000000] BIOS-e820: [mem 0x00000000fec00000-0x00000000fec00fff] reserved
[    0.000000] BIOS-e820: [mem 0x00000000fee00000-0x00000000fee00fff] reserved
[    0.000000] BIOS-e820: [mem 0x00000000fffc0000-0x00000000ffffffff] reserved
[    0.000000] NX (Execute Disable) protection: active
[    0.000000] SMBIOS 2.5 present.
[    0.000000] Hypervisor detected: KVM
[    0.000000] e820: last_pfn = 0x1fff0 max_arch_pfn = 0x1000000
[    0.000000] MTRR: Disabled
[    0.000000] x86/PAT: MTRRs disabled, skipping PAT initialization too.
[    0.000000] CPU MTRRs all blank - virtualized system.
[    0.000000] x86/PAT: Configuration [0-7]: WB  WT  UC- UC  WB  WT  UC- UC  
[    0.000000] found SMP MP-table at [mem 0x0009fff0-0x0009ffff] mapped at [c009fff0]
[    0.000000] Scanning 1 areas for low memory corruption
[    0.000000] RAMDISK: [mem 0x1e938000-0x1f7a1fff]
[    0.000000] ACPI: Early table checksum verification disabled
[    0.000000] ACPI: RSDP 0x00000000000E0000 000024 (v02 VBOX  )
[    0.000000] ACPI: XSDT 0x000000001FFF0030 00003C (v01 VBOX   VBOXXSDT 00000001 ASL  00000061)
[    0.000000] ACPI: FACP 0x000000001FFF00F0 0000F4 (v04 VBOX   VBOXFACP 00000001 ASL  00000061)
[    0.000000] ACPI: DSDT 0x000000001FFF0470 0021FF (v02 VBOX   VBOXBIOS 00000002 INTL 20100528)
[    0.000000] ACPI: FACS 0x000000001FFF0200 000040
[    0.000000] ACPI: FACS 0x000000001FFF0200 000040
[    0.000000] ACPI: APIC 0x000000001FFF0240 000054 (v02 VBOX   VBOXAPIC 00000001 ASL  00000061)
[    0.000000] ACPI: SSDT 0x000000001FFF02A0 0001CC (v01 VBOX   VBOXCPUT 00000002 INTL 20100528)
[    0.000000] 0MB HIGHMEM available.
[    0.000000] 511MB LOWMEM available.
[    0.000000]   mapped low ram: 0 - 1fff0000
[    0.000000]   low ram: 0 - 1fff0000
[    0.000000] kvm-clock: Using msrs 4b564d01 and 4b564d00
[    0.000000] kvm-clock: cpu 0, msr 0:1ffef001, primary cpu clock
[    0.000000] kvm-clock: using sched offset of 4924335026 cycles
[    0.000000] clocksource: kvm-clock: mask: 0xffffffffffffffff max_cycles: 0x1cd42e4dffb, max_idle_ns: 881590591483 ns
[    0.000000] Zone ranges:
[    0.000000]   DMA      [mem 0x0000000000001000-0x0000000000ffffff]
[    0.000000]   Normal   [mem 0x0000000001000000-0x000000001ffeffff]
[    0.000000]   HighMem  empty
[    0.000000] Movable zone start for each node
[    0.000000] Early memory node ranges
[    0.000000]   node   0: [mem 0x0000000000001000-0x000000000009efff]
[    0.000000]   node   0: [mem 0x0000000000100000-0x000000001ffeffff]
[    0.000000] Initmem setup node 0 [mem 0x0000000000001000-0x000000001ffeffff]
[    0.000000] Using APIC driver default
[    0.000000] ACPI: PM-Timer IO Port: 0x4008
[    0.000000] IOAPIC[0]: apic_id 1, version 32, address 0xfec00000, GSI 0-23
[    0.000000] ACPI: INT_SRC_OVR (bus 0 bus_irq 0 global_irq 2 dfl dfl)
[    0.000000] ACPI: INT_SRC_OVR (bus 0 bus_irq 9 global_irq 9 low level)
[    0.000000] Using ACPI (MADT) for SMP configuration information
[    0.000000] smpboot: Allowing 1 CPUs, 0 hotplug CPUs
[    0.000000] PM: Registered nosave memory: [mem 0x00000000-0x00000fff]
[    0.000000] PM: Registered nosave memory: [mem 0x0009f000-0x0009ffff]
[    0.000000] PM: Registered nosave memory: [mem 0x000a0000-0x000effff]
[    0.000000] PM: Registered nosave memory: [mem 0x000f0000-0x000fffff]
[    0.000000] e820: [mem 0x20000000-0xfebfffff] available for PCI devices
[    0.000000] Booting paravirtualized kernel on KVM
[    0.000000] clocksource: refined-jiffies: mask: 0xffffffff max_cycles: 0xffffffff, max_idle_ns: 7645519600211568 ns
[    0.000000] setup_percpu: NR_CPUS:8 nr_cpumask_bits:8 nr_cpu_ids:1 nr_node_ids:1
[    0.000000] PERCPU: Embedded 19 pages/cpu @dfac1000 s47436 r0 d30388 u77824
[    0.000000] PV qspinlock hash table entries: 512 (order: 0, 4096 bytes)
[    0.000000] Built 1 zonelists in Zone order, mobility grouping on.  Total pages: 129678
[    0.000000] Kernel command line: BOOT_IMAGE=/boot/vmlinuz-4.4.0-140-generic root=LABEL=cloudimg-rootfs ro console=tty1 console=ttyS0
[    0.000000] PID hash table entries: 2048 (order: 1, 8192 bytes)
[    0.000000] Dentry cache hash table entries: 65536 (order: 6, 262144 bytes)
[    0.000000] Inode-cache hash table entries: 32768 (order: 5, 131072 bytes)
[    0.000000] Initializing CPU#0
[    0.000000] Initializing HighMem for node 0 (00000000:00000000)
[    0.000000] Memory: 489396K/523832K available (8051K kernel code, 778K rwdata, 3180K rodata, 952K init, 800K bss, 34436K reserved, 0K cma-reserved, 0K highmem)
[    0.000000] virtual kernel memory layout:
[    0.000000]     fixmap  : 0xfff15000 - 0xfffff000   ( 936 kB)
[    0.000000]     pkmap   : 0xffc00000 - 0xffe00000   (2048 kB)
[    0.000000]     vmalloc : 0xe07f0000 - 0xffbfe000   ( 500 MB)
[    0.000000]     lowmem  : 0xc0000000 - 0xdfff0000   ( 511 MB)
[    0.000000]       .init : 0xc1bbe000 - 0xc1cac000   ( 952 kB)
[    0.000000]       .data : 0xc17dd244 - 0xc1bbc9c0   (3965 kB)
[    0.000000]       .text : 0xc1000000 - 0xc17dd244   (8052 kB)
[    0.000000] Checking if this processor honours the WP bit even in supervisor mode...Ok.
[    0.000000] SLUB: HWalign=64, Order=0-3, MinObjects=0, CPUs=1, Nodes=1
[    0.000000] Hierarchical RCU implementation.
[    0.000000] 	Build-time adjustment of leaf fanout to 32.
[    0.000000] 	RCU restricting CPUs from NR_CPUS=8 to nr_cpu_ids=1.
[    0.000000] RCU: Adjusting geometry for rcu_fanout_leaf=32, nr_cpu_ids=1
[    0.000000] NR_IRQS:2304 nr_irqs:256 16
[    0.000000] Console: colour VGA+ 80x25
[    0.000000] console [tty1] enabled
[    0.000000] console [ttyS0] enabled
[    0.000000] allocated 524288 bytes of page_ext
[    0.000000] tsc: Detected 2592.004 MHz processor
[    0.799312] Calibrating delay loop (skipped) preset value.. 5184.00 BogoMIPS (lpj=10368016)
[    0.816090] pid_max: default: 32768 minimum: 301
[    0.820625] ACPI: Core revision 20150930
[    0.824035] ACPI: 2 ACPI AML tables successfully acquired and loaded
[    0.826345] Security Framework initialized
[    0.827937] Yama: becoming mindful.
[    0.836045] AppArmor: AppArmor initialized
[    0.844969] Mount-cache hash table entries: 1024 (order: 0, 4096 bytes)
[    0.846747] Mountpoint-cache hash table entries: 1024 (order: 0, 4096 bytes)
[    0.868825] Initializing cgroup subsys io
[    0.921662] Initializing cgroup subsys memory
[    0.923142] Initializing cgroup subsys devices
[    0.924718] Initializing cgroup subsys freezer
[    0.926265] Initializing cgroup subsys net_cls
[    0.927700] Initializing cgroup subsys perf_event
[    0.929185] Initializing cgroup subsys net_prio
[    0.930869] Initializing cgroup subsys hugetlb
[    0.932430] Initializing cgroup subsys pids
[    0.936281] mce: CPU supports 0 MCE banks
[    0.937726] process: using mwait in idle threads
[    0.939381] Last level iTLB entries: 4KB 64, 2MB 8, 4MB 8
[    0.941198] Last level dTLB entries: 4KB 64, 2MB 0, 4MB 0, 1GB 4
[    0.943273] Spectre V2 : Mitigation: Full generic retpoline
[    0.945142] Spectre V2 : Spectre v2 mitigation: Speculation control IBPB not-supported IBRS not-supported
[    0.954390] Spectre V2 : Spectre v2 / SpectreRSB mitigation: Filling RSB on context switch
[    0.957605] Speculative Store Bypass: Vulnerable
[    0.984021] Freeing SMP alternatives memory: 32K
[    0.995192] ftrace: allocating 31562 entries in 62 pages
[    1.065172] smpboot: APIC(0) Converting physical 0 to logical package 0
[    1.074339] smpboot: Max logical packages: 1
[    1.075402] Enabling APIC mode:  Flat.  Using 1 I/O APICs
[    1.078426] ..TIMER: vector=0x30 apic1=0 pin1=2 apic2=-1 pin2=-1
[    1.185753] smpboot: CPU0: Intel(R) Core(TM) i7-6500U CPU @ 2.50GHz (family: 0x6, model: 0x4e, stepping: 0x3)
[    1.265130] Performance Events: unsupported p6 CPU model 78 no PMU driver, software events only.
[    1.267463] KVM setup paravirtual spinlock
[    1.269257] x86: Booted up 1 node, 1 CPUs
[    1.270287] smpboot: Total of 1 processors activated (5184.00 BogoMIPS)
[    1.272050] devtmpfs: initialized
[    1.273128] evm: security.selinux
[    1.274048] evm: security.SMACK64
[    1.274959] evm: security.SMACK64EXEC
[    1.282980] evm: security.SMACK64TRANSMUTE
[    1.298281] evm: security.SMACK64MMAP
[    1.324916] evm: security.ima
[    1.357128] evm: security.capability
[    1.364721] clocksource: jiffies: mask: 0xffffffff max_cycles: 0xffffffff, max_idle_ns: 7645041785100000 ns
[    1.417163] futex hash table entries: 256 (order: 2, 16384 bytes)
[    1.463228] pinctrl core: initialized pinctrl subsystem
[    1.472500] RTC time: 11:59:07, date: 01/06/19
[    1.480856] NET: Registered protocol family 16
[    1.506183] EISA bus registered
[    1.514758] cpuidle: using governor ladder
[    1.578039] cpuidle: using governor menu
[    1.593204] PCCT header not found.
[    1.594586] ACPI: bus type PCI registered
[    1.639487] acpiphp: ACPI Hot Plug PCI Controller Driver version: 0.5
[    1.733348] PCI : PCI BIOS area is rw and x. Use pci=nobios if you want it NX.
[    1.757631] PCI: PCI BIOS revision 2.10 entry at 0xfda26, last bus=0
[    1.760759] PCI: Using configuration type 1 for base access
[    1.780507] ACPI: Added _OSI(Module Device)
[    1.811634] ACPI: Added _OSI(Processor Device)
[    1.843885] ACPI: Added _OSI(3.0 _SCP Extensions)
[    1.852153] ACPI: Added _OSI(Processor Aggregator Device)
[    1.854816] ACPI: Executed 1 blocks of module-level executable AML code
[    1.859866] ACPI: Interpreter enabled
[    1.861237] ACPI: (supports S0 S5)
[    1.862558] ACPI: Using IOAPIC for interrupt routing
[    1.864480] PCI: Using host bridge windows from ACPI; if necessary, use "pci=nocrs" and report a bug
[    1.880158] ACPI: PCI Root Bridge [PCI0] (domain 0000 [bus 00-ff])
[    1.893805] acpi PNP0A03:00: _OSC: OS supports [ASPM ClockPM Segments MSI]
[    1.896113] acpi PNP0A03:00: _OSC: not requesting OS control; OS requires [ExtendedConfig ASPM ClockPM MSI]
[    1.899392] acpi PNP0A03:00: fail to add MMCONFIG information, can't access extended PCI configuration space under this bridge.
[    1.903529] PCI host bridge to bus 0000:00
[    1.904981] pci_bus 0000:00: root bus resource [io  0x0000-0x0cf7 window]
[    1.907195] pci_bus 0000:00: root bus resource [io  0x0d00-0xffff window]
[    1.909409] pci_bus 0000:00: root bus resource [mem 0x000a0000-0x000bffff window]
[    1.918661] pci_bus 0000:00: root bus resource [mem 0x20000000-0xfdffffff window]
[    1.921245] pci_bus 0000:00: root bus resource [bus 00-ff]
[    1.928121] pci 0000:00:01.1: legacy IDE quirk: reg 0x10: [io  0x01f0-0x01f7]
[    2.021337] pci 0000:00:01.1: legacy IDE quirk: reg 0x14: [io  0x03f6]
[    2.064706] pci 0000:00:01.1: legacy IDE quirk: reg 0x18: [io  0x0170-0x0177]
[    2.081546] pci 0000:00:01.1: legacy IDE quirk: reg 0x1c: [io  0x0376]
[    2.151594] pci 0000:00:07.0: quirk: [io  0x4000-0x403f] claimed by PIIX4 ACPI
[    2.161077] pci 0000:00:07.0: quirk: [io  0x4100-0x410f] claimed by PIIX4 SMB
[    2.209169] ACPI: PCI Interrupt Link [LNKA] (IRQs 5 9 10 *11)
[    2.261297] ACPI: PCI Interrupt Link [LNKB] (IRQs 5 9 *10 11)
[    2.264498] ACPI: PCI Interrupt Link [LNKC] (IRQs 5 *9 10 11)
[    2.266526] ACPI: PCI Interrupt Link [LNKD] (IRQs 5 9 10 *11)
[    2.279689] ACPI: Enabled 2 GPEs in block 00 to 07
[    2.363219] vgaarb: setting as boot device: PCI:0000:00:02.0
[    2.365331] vgaarb: device added: PCI:0000:00:02.0,decodes=io+mem,owns=io+mem,locks=none
[    2.374489] vgaarb: loaded
[    2.393994] vgaarb: bridge control possible 0000:00:02.0
[    2.408554] SCSI subsystem initialized
[    2.427470] ACPI: bus type USB registered
[    2.435361] usbcore: registered new interface driver usbfs
[    2.436779] usbcore: registered new interface driver hub
[    2.438121] usbcore: registered new device driver usb
[    2.439561] PCI: Using ACPI for IRQ routing
[    2.451679] NetLabel: Initializing
[    2.480048] NetLabel:  domain hash size = 128
[    2.481206] NetLabel:  protocols = UNLABELED CIPSOv4
[    2.482506] NetLabel:  unlabeled traffic allowed by default
[    2.484020] amd_nb: Cannot enumerate AMD northbridges
[    2.485302] clocksource: Switched to clocksource kvm-clock
[    2.515340] AppArmor: AppArmor Filesystem Enabled
[    2.523442] pnp: PnP ACPI init
[    2.578387] pnp: PnP ACPI: found 3 devices
[    2.592945] PnPBIOS: Disabled by ACPI PNP
[    2.644908] clocksource: acpi_pm: mask: 0xffffff max_cycles: 0xffffff, max_idle_ns: 2085701024 ns
[    2.679739] NET: Registered protocol family 2
[    2.687330] TCP established hash table entries: 4096 (order: 2, 16384 bytes)
[    2.695593] TCP bind hash table entries: 4096 (order: 3, 32768 bytes)
[    2.711028] TCP: Hash tables configured (established 4096 bind 4096)
[    2.718851] UDP hash table entries: 256 (order: 1, 8192 bytes)
[    2.751007] UDP-Lite hash table entries: 256 (order: 1, 8192 bytes)
[    2.790910] NET: Registered protocol family 1
[    2.798465] pci 0000:00:00.0: Limiting direct PCI/PCI transfers
[    2.829929] pci 0000:00:01.0: Activating ISA DMA hang workarounds
[    2.861246] Unpacking initramfs...
[    3.177523] Freeing initrd memory: 14760K
[    3.192866] platform rtc_cmos: registered platform RTC device (no PNP device found)
[    3.255846] Scanning for low memory corruption every 60 seconds
[    3.265692] audit: initializing netlink subsys (disabled)
[    3.290446] audit: type=2000 audit(1546775953.211:1): initialized
[    3.327854] Initialise system trusted keyring
[    3.335435] HugeTLB registered 2 MB page size, pre-allocated 0 pages
[    3.338567] zbud: loaded
[    3.339460] VFS: Disk quotas dquot_6.6.0
[    3.340579] VFS: Dquot-cache hash table entries: 1024 (order 0, 4096 bytes)
[    3.371165] squashfs: version 4.0 (2009/01/31) Phillip Lougher
[    3.380691] fuse init (API version 7.23)
[    3.426450] Key type big_key registered
[    3.448434] Allocating IMA MOK and blacklist keyrings.
[    3.474207] Key type asymmetric registered
[    3.488253] Asymmetric key parser 'x509' registered
[    3.502208] bounce: pool size: 64 pages
[    3.503386] Block layer SCSI generic (bsg) driver version 0.4 loaded (major 249)
[    3.505451] io scheduler noop registered
[    3.506659] io scheduler deadline registered (default)
[    3.577087] io scheduler cfq registered
[    3.608506] pci_hotplug: PCI Hot Plug PCI Core version: 0.5
[    3.632243] pciehp: PCI Express Hot Plug Controller Driver version: 0.4
[    3.652098] ACPI: AC Adapter [AC] (off-line)
[    3.661710] input: Power Button as /devices/LNXSYSTM:00/LNXPWRBN:00/input/input0
[    3.686549] ACPI: Power Button [PWRF]
[    3.724581] input: Sleep Button as /devices/LNXSYSTM:00/LNXSLPBN:00/input/input1
[    3.727211] ACPI: Sleep Button [SLPF]
[    3.729481] ACPI: Battery Slot [BAT0] (battery present)
[    3.731279] GHES: HEST is not enabled!
[    3.732749] Serial: 8250/16550 driver, 32 ports, IRQ sharing enabled
[    3.734968] isapnp: Scanning for PnP cards...
[    3.784286] 00:02: ttyS0 at I/O 0x3f8 (irq = 4, base_baud = 115200) is a 16550A
[    3.831903] Linux agpgart interface v0.103
[    4.015507] loop: module loaded
[    4.025796] scsi host0: ata_piix
[    4.027099] scsi host1: ata_piix
[    4.028351] ata1: PATA max UDMA/33 cmd 0x1f0 ctl 0x3f6 bmdma 0xd000 irq 14
[    4.030631] ata2: PATA max UDMA/33 cmd 0x170 ctl 0x376 bmdma 0xd008 irq 15
[    4.034065] libphy: Fixed MDIO Bus: probed
[    4.035573] tun: Universal TUN/TAP device driver, 1.6
[    4.043859] tun: (C) 1999-2004 Max Krasnyansky <maxk@qualcomm.com>
[    4.089999] PPP generic driver version 2.4.2
[    4.105706] ehci_hcd: USB 2.0 'Enhanced' Host Controller (EHCI) Driver
[    4.121341] ehci-pci: EHCI PCI platform driver
[    4.128861] ehci-platform: EHCI generic platform driver
[    4.211895] tsc: Refined TSC clocksource calibration: 2591.568 MHz
[    4.332198] clocksource: tsc: mask: 0xffffffffffffffff max_cycles: 0x255b1eeca68, max_idle_ns: 440795298619 ns
[    4.390054] ohci_hcd: USB 1.1 'Open' Host Controller (OHCI) Driver
[    4.651851] isapnp: No Plug & Play device found
[    4.730228] ohci-pci: OHCI PCI platform driver
[    4.747509] ohci-platform: OHCI generic platform driver
[    4.748836] uhci_hcd: USB Universal Host Controller Interface driver
[    4.750415] i8042: PNP: PS/2 Controller [PNP0303:PS2K,PNP0f03:PS2M] at 0x60,0x64 irq 1,12
[    4.753133] serio: i8042 KBD port at 0x60,0x64 irq 1
[    4.754483] serio: i8042 AUX port at 0x60,0x64 irq 12
[    4.755988] mousedev: PS/2 mouse device common for all mice
[    4.763960] input: AT Translated Set 2 keyboard as /devices/platform/i8042/serio0/input/input2
[    4.782094] rtc_cmos rtc_cmos: rtc core: registered rtc_cmos as rtc0
[    4.804911] rtc_cmos rtc_cmos: alarms up to one day, 114 bytes nvram
[    4.857087] i2c /dev entries driver
[    4.858512] device-mapper: uevent: version 1.0.3
[    4.860057] device-mapper: ioctl: 4.34.0-ioctl (2015-10-28) initialised: dm-devel@redhat.com
[    4.862463] platform eisa.0: Probing EISA bus 0
[    4.886122] platform eisa.0: EISA: Cannot allocate resource for mainboard
[    4.909239] platform eisa.0: Cannot allocate resource for EISA slot 1
[    4.910883] platform eisa.0: Cannot allocate resource for EISA slot 2
[    4.912405] platform eisa.0: Cannot allocate resource for EISA slot 3
[    4.914091] platform eisa.0: Cannot allocate resource for EISA slot 4
[    4.916150] platform eisa.0: Cannot allocate resource for EISA slot 5
[    4.923917] platform eisa.0: Cannot allocate resource for EISA slot 6
[    4.946738] platform eisa.0: Cannot allocate resource for EISA slot 7
[    4.976249] platform eisa.0: Cannot allocate resource for EISA slot 8
[    5.000301] platform eisa.0: EISA: Detected 0 cards
[    5.045609] cpufreq-nforce2: No nForce2 chipset.
[    5.054082] ledtrig-cpu: registered to indicate activity on CPUs
[    5.096488] NET: Registered protocol family 10
[    5.097960] NET: Registered protocol family 17
[    5.099308] Key type dns_resolver registered
[    5.107182] Using IPI No-Shortcut mode
[    5.111913] registered taskstats version 1
[    5.119910] Loading compiled-in X.509 certificates
[    5.123728] Loaded X.509 cert 'Build time autogenerated kernel key: 394b85283aa7d7d55227110a050a8da0339034b4'
[    5.127187] zswap: loaded using pool lzo/zbud
[    5.130891] Key type trusted registered
[    5.136103] Key type encrypted registered
[    5.137591] AppArmor: AppArmor sha1 policy hashing enabled
[    5.139499] ima: No TPM chip found, activating TPM-bypass!
[    5.141491] ima: Allocated hash algorithm: sha1
[    5.143555] evm: HMAC attrs: 0x1
[    5.145176]   Magic number: 3:28:984
[    5.146720] rtc_cmos rtc_cmos: setting system clock to 2019-01-06 11:59:11 UTC (1546775951)
[    5.149866] BIOS EDD facility v0.16 2004-Jun-25, 0 devices found
[    5.151911] EDD information not available.
[    5.153929] Freeing unused kernel memory: 952K
[    5.166118] Write protecting the kernel text: 8056k
[    5.167896] Write protecting the kernel read-only data: 3184k
[    5.169828] NX-protecting the kernel data: 6280k
Loading, please wait...
starting version 229
[    5.186149] random: systemd-udevd: uninitialized urandom read (16 bytes read, 4 bits of entropy available)
[    5.189371] random: systemd-udevd: uninitialized urandom read (16 bytes read, 4 bits of entropy available)
[    5.192898] random: udevadm: uninitialized urandom read (16 bytes read, 4 bits of entropy available)
[    5.197850] random: systemd-udevd: uninitialized urandom read (16 bytes read, 4 bits of entropy available)
[    5.222784] random: udevadm: uninitialized urandom read (16 bytes read, 4 bits of entropy available)
[    5.225930] random: udevadm: uninitialized urandom read (16 bytes read, 4 bits of entropy available)
[    5.235981] random: udevadm: uninitialized urandom read (16 bytes read, 4 bits of entropy available)
[    5.265220] random: udevadm: uninitialized urandom read (16 bytes read, 4 bits of entropy available)
[    5.290505] random: udevadm: uninitialized urandom read (16 bytes read, 4 bits of entropy available)
[    5.307372] random: udevadm: uninitialized urandom read (16 bytes read, 4 bits of entropy available)
[    5.404959] e1000: Intel(R) PRO/1000 Network Driver - version 7.3.21-k8-NAPI
[    5.436013] e1000: Copyright (c) 1999-2006 Intel Corporation.
[    5.458698] Fusion MPT base driver 3.04.20
[    5.468709] Copyright (c) 1999-2008 LSI Corporation
[    5.582921] Fusion MPT SPI Host driver 3.04.20
[    5.720099] input: ImExPS/2 Generic Explorer Mouse as /devices/platform/i8042/serio1/input/input4
[    5.995068] e1000 0000:00:03.0 eth0: (PCI:33MHz:32-bit) 02:9d:41:38:04:50
[    6.037657] e1000 0000:00:03.0 eth0: Intel(R) PRO/1000 Network Connection
[    6.080602] mptbase: ioc0: Initiating bringup
[    6.153658] ioc0: LSI53C1030 A0: Capabilities={Initiator}
[    6.357965] scsi host2: ioc0: LSI53C1030 A0, FwRev=00000000h, Ports=1, MaxQ=256, IRQ=20
[    6.501820] scsi 2:0:0:0: Direct-Access     VBOX     HARDDISK         1.0  PQ: 0 ANSI: 5
[    6.521527] scsi target2:0:0: Beginning Domain Validation
[    6.603732] scsi target2:0:0: Domain Validation skipping write tests
[    6.648997] scsi target2:0:0: Ending Domain Validation
[    6.743296] scsi target2:0:0: asynchronous
[    6.821073] scsi 2:0:1:0: Direct-Access     VBOX     HARDDISK         1.0  PQ: 0 ANSI: 5
[    6.896690] scsi target2:0:1: Beginning Domain Validation
[    6.989609] scsi target2:0:1: Domain Validation skipping write tests
[    7.069694] scsi target2:0:1: Ending Domain Validation
[    7.149261] scsi target2:0:1: asynchronous
[    7.190291] sd 2:0:0:0: Attached scsi generic sg0 type 0
[    7.260704] sd 2:0:0:0: [sda] 20971520 512-byte logical blocks: (10.7 GB/10.0 GiB)
[    7.312844] e1000 0000:00:08.0 eth1: (PCI:33MHz:32-bit) 08:00:27:2d:16:9c
[    7.315208] e1000 0000:00:08.0 eth1: Intel(R) PRO/1000 Network Connection
[    7.324700] e1000 0000:00:08.0 enp0s8: renamed from eth1
[    7.329231] e1000 0000:00:03.0 enp0s3: renamed from eth0
[    7.332850] sd 2:0:0:0: [sda] Write Protect is off
[    7.335153] sd 2:0:0:0: [sda] Incomplete mode parameter data
[    7.336970] sd 2:0:0:0: [sda] Assuming drive cache: write through
[    7.339551] sd 2:0:1:0: [sdb] 20480 512-byte logical blocks: (10.5 MB/10.0 MiB)
[    7.360858] sd 2:0:1:0: Attached scsi generic sg1 type 0
[    7.363364] sd 2:0:1:0: [sdb] Write Protect is off
[    7.374833] sd 2:0:1:0: [sdb] Incomplete mode parameter data
[    7.383257] sd 2:0:1:0: [sdb] Assuming drive cache: write through
[    7.783917]  sda: sda1
[    7.790940] sd 2:0:0:0: [sda] Attached SCSI disk
[    7.804937] sd 2:0:1:0: [sdb] Attached SCSI disk
Begin: Loading e[    9.425709] md: linear personality registered for level -1
ssential drivers[    9.440160] md: multipath personality registered for level -4
 ... [    9.489609] md: raid0 personality registered for level 0
[    9.502608] md: raid1 personality registered for level 1
[    9.581494] raid6: mmxx1    gen()  3917 MB/s
[    9.673694] raid6: mmxx2    gen()  5495 MB/s
[    9.765459] raid6: sse1x1   gen()  4359 MB/s
[    9.845475] raid6: sse1x2   gen()  5377 MB/s
[    9.977704] raid6: sse2x1   gen()  9618 MB/s
[   10.053391] raid6: sse2x1   xor()  5488 MB/s
[   10.125576] raid6: sse2x2   gen() 11496 MB/s
[   10.201735] raid6: sse2x2   xor()  7812 MB/s
[   10.297873] raid6: avx2x1   gen() 13022 MB/s
[   10.381824] raid6: avx2x2   gen() 18547 MB/s
[   10.389826] raid6: using algorithm avx2x2 gen() 18547 MB/s
[   10.420707] raid6: using avx2x1 recovery algorithm
[   10.438380] xor: automatically using best checksumming function:
[   10.485766]    avx       : 21294.000 MB/sec
[   10.497259] async_tx: api initialized (async)
[   10.517777] md: raid6 personality registered for level 6
[   10.526676] md: raid5 personality registered for level 5
[   10.527993] md: raid4 personality registered for level 4
[   10.536802] md: raid10 personality registered for level 10
done.
Begin: Running /scripts/init-premount ... done.
Begin: Mounting root file system ... Begin: Running /scripts/local-top ... done.
Begin: Running /scripts/local-premount ... [   10.605975] Btrfs loaded
Scanning for Btrfs filesystems
done.
Warning: fsck no[   10.706044] EXT4-fs (sda1): INFO: recovery required on readonly filesystem
t present, so sk[   10.746328] EXT4-fs (sda1): write access will be enabled during recovery
ipping root file system
[   11.067456] EXT4-fs (sda1): orphan cleanup on readonly fs
[   11.071720] EXT4-fs (sda1): 6 orphan inodes deleted
[   11.075544] EXT4-fs (sda1): recovery complete
[   11.083417] EXT4-fs (sda1): mounted filesystem with ordered data mode. Opts: (null)
done.
Begin: Running /scripts/local-bottom ... done.
Begin: Running /scripts/init-bottom ... done.
[   11.472674] random: nonblocking pool is initialized
[   11.794376] systemd[1]: systemd 229 running in system mode. (+PAM +AUDIT +SELINUX +IMA +APPARMOR +SMACK +SYSVINIT +UTMP +LIBCRYPTSETUP +GCRYPT +GNUTLS +ACL +XZ -LZ4 +SECCOMP +BLKID +ELFUTILS +KMOD -IDN)
[   11.820345] systemd[1]: Detected virtualization oracle.
[   11.828212] systemd[1]: Detected architecture x86.

Welcome to [1mUbuntu 16.04.5 LTS[0m!

[   11.997748] systemd[1]: Set hostname to <kouosl>.
[   13.436558] systemd[1]: Listening on udev Control Socket.
[[0;32m  OK  [0m] Listening on udev Control Socket.
[   13.475235] systemd[1]: Set up automount Arbitrary Executable File Formats File System Automount Point.
[[0;32m  OK  [0m] Set up automount Arbitrary Executab...ats File System Automount Point.
[   13.502894] systemd[1]: Listening on udev Kernel Socket.
[[0;32m  OK  [0m] Listening on udev Kernel Socket.
[   13.528405] systemd[1]: Created slice System Slice.
[[0;32m  OK  [0m] Created slice System Slice.
[   13.557012] systemd[1]: Created slice system-serial\x2dgetty.slice.
[[0;32m  OK  [0m] Created slice system-serial\x2dgetty.slice.
[   13.578335] systemd[1]: Started Trigger resolvconf update for networkd DNS.
[[0;32m  OK  [0m] Started Trigger resolvconf update for networkd DNS.
[   13.626270] systemd[1]: Listening on LVM2 poll daemon socket.
[[0;32m  OK  [0m] Listening on LVM2 poll daemon socket.
[   13.650435] systemd[1]: Reached target Swap.
[[0;32m  OK  [0m] Reached target Swap.
[   13.682218] systemd[1]: Listening on Device-mapper event daemon FIFOs.
[[0;32m  OK  [0m] Listening on Device-mapper event daemon FIFOs.
[   13.723162] systemd[1]: Created slice User and Session Slice.
[[0;32m  OK  [0m] Created slice User and Session Slice.
[   13.761969] systemd[1]: Reached target User and Group Name Lookups.
[[0;32m  OK  [0m] Reached target User and Group Name Lookups.
[   13.802198] systemd[1]: Started Forward Password Requests to Wall Directory Watch.
[[0;32m  OK  [0m] Started Forward Password Requests to Wall Directory Watch.
[   13.838830] systemd[1]: Listening on Syslog Socket.
[[0;32m  OK  [0m] Listening on Syslog Socket.
[   13.881931] systemd[1]: Reached target Slices.
[[0;32m  OK  [0m] Reached target Slices.
[   13.901825] systemd[1]: Listening on /dev/initctl Compatibility Named Pipe.
[[0;32m  OK  [0m] Listening on /dev/initctl Compatibility Named Pipe.
[   13.917359] systemd[1]: Listening on Journal Audit Socket.
[[0;32m  OK  [0m] Listening on Journal Audit Socket.
[   13.931625] systemd[1]: Listening on Journal Socket.
[[0;32m  OK  [0m] Listening on Journal Socket.
[   13.948776] systemd[1]: Starting Create list of required static device nodes for the current kernel...
         Starting Create list of required st... nodes for the current kernel...
[   13.975409] systemd[1]: Mounting Huge Pages File System...
         Mounting Huge Pages File System...
[   13.994862] systemd[1]: Starting Set console keymap...
         Starting Set console keymap...
[   14.012606] systemd[1]: Mounting Debug File System...
         Mounting Debug File System...
[   14.038023] systemd[1]: Starting Remount Root and Kernel File Systems...
         Starting Remount Root and Kernel File Systems...
[   14.053948] systemd[1]: Starting Uncomplicated firewall...
         Starting Uncomplicated firewall...
[   14.062985] systemd[1]: Mounting POSIX Message Queue File System...
         Mounting POSIX Message Queue File System...
[   14.071240] systemd[1]: Starting Nameserver information manager...
         Starting Nameserver information manager...
[   14.135809] systemd[1]: Listening on Journal Socket (/dev/log).
[[0;32m  OK  [0m] Listening on Journal Socket (/dev/log).
[   14.178030] systemd[1]: Starting Journal Service...
         Starting Journal Service...
[   14.206141] systemd[1]: Reached target Encrypted Volumes.
[[0;32m  OK  [0m] Reached target Encrypted Volumes.
[   14.222871] systemd[1]: Reached target System Time Synchronized.
[[0;32m  OK  [0m] Reached target System Time Synchronized.[   14.257054] EXT4-fs (sda1): re-mounted. Opts: (null)

[   14.273985] systemd[1]: Listening on LVM2 metadata daemon socket.
[[0;32m  OK  [0m] Listening on LVM2 metadata daemon socket.
[   14.298657] systemd[1]: Starting Monitoring of LVM2 mirrors, snapshots etc. using dmeventd or progress polling...
         Starting Monitoring of LVM2 mirrors... dmeventd or progress polling...
[   14.391093] systemd[1]: Starting Load Kernel Modules...
         Starting Load Kernel Modules...
[   14.415965] systemd[1]: Mounted Huge Pages File System.
[[0;32m  OK  [0m] Mounted Huge Pages File System.
[   14.430693] systemd[1]: Mounted POSIX Message Queue File System.
[[0;32m  OK  [0m] Mounted POSIX Message Queue File System.
[   14.444708] systemd[1]: Mounted Debug File System.
[[0;32m  OK  [0m] Mounted Debug File System.
[   14.457596] systemd[1]: Started Create list of required static device nodes for the current kernel.
[[0;32m  OK  [0m] Started Create list of required sta...ce nodes for the current kernel.
[   14.487600] systemd[1]: Started Remount Root and Kernel File Systems.
[[0;32m  OK  [0m] Started Remount Root and Kernel File Systems.
[   14.516428] systemd[1]: Started Uncomplicated firewall.
[[0;32m  OK  [0m] Started Uncomplicated firewall.
[   14.603574] Loading iSCSI transport class v2.0-870.
[   14.734288] systemd[1]: Started Nameserver information manager.
[[0;32m  OK  [0m] Started Nameserver information manager.
[   14.906788] systemd[1]: Started Set console keymap.
[[0;32m  OK  [0m] Started Set console keymap.
[   14.934384] systemd[1]: Started Journal Service.
[   14.954509] iscsi: registered transport (tcp)
[[0;32m  OK  [0m] Started Journal Service.
[[0;32m  OK  [0m] Started LVM2 metadata daemon.
         Starting udev Coldplug all Devices...
         Starting Load/Save Random Seed...
         Starting Flush Journal to Persistent Storage...
         Starting Create Static Device Nodes in /dev...
[   15.233815] systemd-journald[402]: Received request to flush runtime journal from PID 1
[[0;32m  OK  [0m] Started udev Coldplug all Devices.
[[0;32m  OK  [0m] Started Load/Save Random Seed.
[[0;32m  OK  [0m] Started Flush Journal to Persistent Storage.
[   15.394232] iscsi: registered transport (iser)
[[0;32m  OK  [0m] Started Load Kernel Modules.
         Mounting FUSE Control File System...
         Starting Apply Kernel Variables...
[[0;32m  OK  [0m] Mounted FUSE Control File System.
[[0;32m  OK  [0m] Started Create Static Device Nodes in /dev.
         Starting udev Kernel Device Manager...
[[0;32m  OK  [0m] Started Apply Kernel Variables.
[[0;32m  OK  [0m] Started Monitoring of LVM2 mirrors,...ng dmeventd or progress polling.
[[0;32m  OK  [0m] Reached target Local File Systems (Pre).
[[0;32m  OK  [0m] Reached target Local File Systems.
         Starting Tell Plymouth To Write Out Runtime Data...
         Starting Set console font and keymap...
         Starting Initial cloud-init job (pre-networking)...
         Starting Create Volatile Files and Directories...
         Starting LSB: AppArmor initialization...
[[0;32m  OK  [0m] Started Tell Plymouth To Write Out Runtime Data.
[[0;32m  OK  [0m] Started Create Volatile Files and Directories.
         Starting Update UTMP about System Boot/Shutdown...
[[0;32m  OK  [0m] Started Update UTMP about System Boot/Shutdown.
[[0;32m  OK  [0m] Started udev Kernel Device Manager.
[[0;32m  OK  [0m] Started Dispatch Password Requests to Console Directory Watch.
[[0;32m  OK  [0m] Found device /dev/ttyS0.
[[0;32m  OK  [0m] Started Set console font and keymap.
[[0;32m  OK  [0m] Created slice system-getty.slice.
[[0;32m  OK  [0m] Listening on Load/Save RF Kill Switch Status /dev/rfkill Watch.
[[0;32m  OK  [0m] Found device 82540EM Gigabit Ethern...r (PRO/1000 MT Desktop Adapter).
[[0;32m  OK  [0m] Found device 82540EM Gigabit Ethern...r (PRO/1000 MT Desktop Adapter).
[[0;32m  OK  [0m] Started LSB: AppArmor initialization.
[   21.395942] cloud-init[492]: Cloud-init v. 18.4-0ubuntu1~16.04.2 running 'init-local' at Sun, 06 Jan 2019 11:59:28 +0000. Up 20.10 seconds.
[[0;32m  OK  [0m] Started Initial cloud-init job (pre-networking).
[[0;32m  OK  [0m] Reached target Network (Pre).
[[0;32m  OK  [0m] Started ifup for enp0s8.
         Starting Raise network interfaces...
[[0;32m  OK  [0m] Started ifup for enp0s3.
[[0;32m  OK  [0m] Started Raise network interfaces.
[[0;32m  OK  [0m] Reached target Network.
         Starting Initial cloud-init job (metadata service crawler)...
[   24.071489] cloud-init[1079]: Cloud-init v. 18.4-0ubuntu1~16.04.2 running 'init' at Sun, 06 Jan 2019 11:59:31 +0000. Up 23.06 seconds.
[   24.090083] cloud-init[1079]: ci-info: ++++++++++++++++++++++++++++++++++++++Net device info+++++++++++++++++++++++++++++++++++++++
[   24.108466] cloud-init[1079]: ci-info: +--------+------+-----------------------------+---------------+--------+-------------------+
[   24.133904] cloud-init[1079]: ci-info: | Device |  Up  |           Address           |      Mask     | Scope  |     Hw-Address    |
[   24.154141] cloud-init[1079]: ci-info: +--------+------+-----------------------------+---------------+--------+-------------------+
[   24.186170] cloud-init[1079]: ci-info: | enp0s3 | True |          10.0.2.15          | 255.255.255.0 | global | 02:9d:41:38:04:50 |
[   24.209132] cloud-init[1079]: ci-info: | enp0s3 | True |  fe80::9d:41ff:fe38:450/64  |       .       |  link  | 02:9d:41:38:04:50 |
[   24.232719] cloud-init[1079]: ci-info: | enp0s8 | True |        192.168.83.137       | 255.255.255.0 | global | 08:00:27:2d:16:9c |
[   24.252356] cloud-init[1079]: ci-info: | enp0s8 | True | fe80::a00:27ff:fe2d:169c/64 |       .       |  link  | 08:00:27:2d:16:9c |
[   24.269391] cloud-init[1079]: ci-info: |   lo   | True |          127.0.0.1          |   255.0.0.0   |  host  |         .         |
[   24.289473] cloud-init[1079]: ci-info: |   lo   | True |           ::1/128           |       .       |  host  |         .         |
[   24.307967] cloud-init[1079]: ci-info: +--------+------+-----------------------------+---------------+--------+-------------------+
[   24.334438] cloud-init[1079]: ci-info: ++++++++++++++++++++++++++++Route IPv4 info++++++++++++++++++++++++++++
[   24.356934] cloud-init[1079]: ci-info: +-------+--------------+----------+---------------+-----------+-------+
[   24.365176] cloud-init[1079]: ci-info: | Route | Destination  | Gateway  |    Genmask    | Interface | Flags |
[   24.376852] cloud-init[1079]: ci-info: +-------+--------------+----------+---------------+-----------+-------+
[   24.384739] cloud-init[1079]: ci-info: |   0   |   0.0.0.0    | 10.0.2.2 |    0.0.0.0    |   enp0s3  |   UG  |
[   24.392735] cloud-init[1079]: ci-info: |   1   |   10.0.2.0   | 0.0.0.0  | 255.255.255.0 |   enp0s3  |   U   |
[   24.400882] cloud-init[1079]: ci-info: |   2   | 192.168.83.0 | 0.0.0.0  | 255.255.255.0 |   enp0s8  |   U   |
[   24.407785] cloud-init[1079]: ci-info: +-------+--------------+----------+---------------+-----------+-------+
[[0;32m  OK  [0m] Started Initial cloud-init job (metadata service crawler).
[[0;32m  OK  [0m[   24.414989] cloud-init[1079]: ci-info: +++++++++++++++++++Route IPv6 info+++++++++++++++++++
[   24.423335] cloud-init] Reached target Cloud-config availability.
[[0;32m  OK  [0m] Reached target System Initialization.
         [1079]: ci-info: +-------+-------------+---------+-----------+-------+
[   24.430139] cloud-init[1079]: ci-info: | Route | Destination | Gateway | Interface | Flags |Starting Socket activation for snappy daemon.

[   24.434300] cloud-init[1079]: ci-info: +-------+-------------+---------+-----------+-------+
[   24.436979] cloud-init[1079]: ci-info: |   0   |  fe80::/64  |    ::   |   enp0s8  |   U   |
[   24.439511] cloud-init[1079]: ci-info: |   1   |  fe80::/64  |    ::   |   enp0s3  |   U   |
[   24.441994] cloud-init[1079]: ci-info: |   4   |   ff00::/8  |    ::   |   enp0s8  |   U   |
[   24.445296] cloud-init[1079]: ci-info: |   5   |   ff00::/8  |    ::   |   enp0s3  |   U   |
[   24.448219] cloud-init[1079]: ci-info: +-------+-------------+---------+-----------+-------+
[[0;32m  OK  [0m] Started ACPI Events Check.
[[0;32m  OK  [0m] Reached target Paths.
[[0;32m  OK  [0m] Listening on D-Bus System Message Bus Socket.
[[0;32m  OK  [0m] Started Daily apt download activities.
[[0;32m  OK  [0m] Started Daily apt upgrade and clean activities.
[[0;32m  OK  [0m] Listening on ACPID Listen Socket.
[[0;32m  OK  [0m] Started Daily Cleanup of Temporary Directories.
[[0;32m  OK  [0m] Reached target Timers.
         Starting LXD - unix socket.
[[0;32m  OK  [0m] Listening on UUID daemon activation socket.
[[0;32m  OK  [0m] Reached target Network is Online.
         Starting iSCSI initiator daemon (iscsid)...
[[0;32m  OK  [0m] Listening on Socket activation for snappy daemon.
[[0;32m  OK  [0m] Listening on LXD - unix socket.
[[0;32m  OK  [0m] Started iSCSI initiator daemon (iscsid).
         Starting Login to default iSCSI targets...
[[0;32m  OK  [0m] Reached target Sockets.
[[0;32m  OK  [0m] Reached target Basic System.
[[0;32m  OK  [0m] Started Regular background program processing daemon.
         Starting System Logging Service...
[[0;32m  OK  [0m] Started D-Bus System Message Bus.
[[0;32m  OK  [0m] Started Deferred execution scheduler.
[[0;32m  OK  [0m] Started FUSE filesystem for LXC.
         Starting Virtualbox guest utils...
         Starting Login Service...
         Starting LXD - container startup/shutdown...
         Starting OpenBSD Secure Shell server...
[[0;32m  OK  [0m] Started ACPI event daemon.
         Starting LSB: MD monitoring daemon...
         Starting /etc/rc.local Compatibility...
         Starting Accounts Service...
         Starting LSB: Record successful boot for GRUB...
[[0;32m  OK  [0m] Started Unattended Upgrades Shutdown.
         Starting Snappy daemon...
[[0;32m  OK  [0m] Started System Logging Service.
[[0;32m  OK  [0m] Started /etc/rc.local Compatibility.
[[0;32m  OK  [0m] Started Login to default iSCSI targets.
[[0;32m  OK  [0m] Started Login Service.
[[0;32m  OK  [0m] Reached target Remote File Systems (Pre).
[[0;32m  OK  [0m] Reached target Remote File Systems.
         Starting LSB: Start and stop the mysql database server daemon...
         Starting LSB: daemon to balance interrupts for SMP systems...
         Starting LSB: Apache2 web server...
         Starting LSB: Set the CPU Frequency Scaling governor to "ondemand"...
         Starting LSB: automatic crash report generation...
         Starting Permit User Sessions...
[[0;32m  OK  [0m] Started LSB: Set the CPU Frequency Scaling governor to "ondemand".
[[0;32m  OK  [0m] Started Permit User Sessions.
[[0;32m  OK  [0m] Started LSB: MD monitoring daemon.
         Starting Terminate Plymouth Boot Screen...
         Starting Hold until boot process finishes up...
[[0;32m  OK  [0m] Started LSB: Record successful boot for GRUB.
[[0;32m  OK  [0m] Started Terminate Plymouth Boot Screen.
[[0;32m  OK  [0m] Started Hold until boot process finishes up.
         Starting Set console scheme...
[[0;32m  OK  [0m] Started Serial Getty on ttyS0.
[[0;32m  OK  [0m] Started Getty on tty1.
[[0;32m  OK  [0m] Reached target Login Prompts.
[[0;32m  OK  [0m] Started Set console scheme.
[[0;32m  OK  [0m] Started LSB: daemon to balance interrupts for SMP systems.
[[0;32m  OK  [0m] Started LSB: automatic crash report generation.
[[0;32m  OK  [0m] Started OpenBSD Secure Shell server.
         Starting Authenticate and Authorize Users to Run Privileged Tasks...
[[0;32m  OK  [0m] Started Virtualbox guest utils.
[[0;32m  OK  [0m] Started Authenticate and Authorize Users to Run Privileged Tasks.
[[0;32m  OK  [0m] Started Accounts Service.
[[0;32m  OK  [0m] Created slice User Slice of vagrant.
         Starting User Manager for UID 1000...
[[0;32m  OK  [0m] Started Session 1 of user vagrant.
[[0;32m  OK  [0m] Started LXD - container startup/shutdown.
[[0;32m  OK  [0m] Started User Manager for UID 1000.

Ubuntu 16.04.5 LTS kouosl ttyS0

kouosl login: [   34.760969] cloud-init[1450]: Cloud-init v. 18.4-0ubuntu1~16.04.2 running 'modules:config' at Sun, 06 Jan 2019 11:59:42 +0000. Up 33.98 seconds.
[   47.606580] cloud-init[2134]: Cloud-init v. 18.4-0ubuntu1~16.04.2 running 'modules:final' at Sun, 06 Jan 2019 11:59:55 +0000. Up 46.64 seconds.
[   47.607487] cloud-init[2134]: Cloud-init v. 18.4-0ubuntu1~16.04.2 finished at Sun, 06 Jan 2019 11:59:56 +0000. Datasource DataSourceNoCloud [seed=/dev/sdb][dsmode=net].  Up 47.58 seconds
