2019-01-04 15:28:04 [192.168.83.1][-][-][warning][yii\debug\Module::checkAccess] Access to debugger is denied due to IP address restriction. The requesting IP address is 192.168.83.1
2019-01-04 15:28:02 [192.168.83.1][-][-][info][application] $_GET = []

$_POST = []

$_FILES = []

$_COOKIE = [
    '_identity-backend' => '11a6ec4f49dea64986132b7c7bd64548366d9a8a5ffa3164fdb37119c1e67312a:2:{i:0;s:17:\"_identity-backend\";i:1;s:46:\"[1,\"qlZVKPVyoMGrynGXEjfrvYOAEEt5_MGg\",2592000]\";}'
    'advanced-backend' => 'k18eq20s0v7f1lgqj3gq6pmv55'
    '_csrf-backend' => '92980e59a5e6d3856597fcbb592fb44421d711ba13ea6e31e9bf8905e73f91aca:2:{i:0;s:13:\"_csrf-backend\";i:1;s:32:\"Ih64FXqNdv9ZS_HFsp1Mwb4bdUUmLoau\";}'
    'advanced-frontend' => '54947uhi3eudiq9ro3odsthb36'
    '_csrf-frontend' => '3d9eb502e7ebfa60322c362b1d1a285bd3533a6f25858a9b42077d165035cf43a:2:{i:0;s:14:\"_csrf-frontend\";i:1;s:32:\"EhSDuUN5DTfPQZtlPVb9Mczs8amRWAN3\";}'
]

$_SESSION = [
    '__flash' => []
    '__returnUrl' => '/admin'
]

$_SERVER = [
    'REDIRECT_STATUS' => '200'
    'HTTP_HOST' => 'portal.kouosl'
    'HTTP_CONNECTION' => 'keep-alive'
    'HTTP_CACHE_CONTROL' => 'max-age=0'
    'HTTP_UPGRADE_INSECURE_REQUESTS' => '1'
    'HTTP_USER_AGENT' => 'Mozilla/5.0 (Windows NT 10.0; Win64; x64) AppleWebKit/537.36 (KHTML, like Gecko) Chrome/71.0.3578.98 Safari/537.36'
    'HTTP_ACCEPT' => 'text/html,application/xhtml+xml,application/xml;q=0.9,image/webp,image/apng,*/*;q=0.8'
    'HTTP_ACCEPT_ENCODING' => 'gzip, deflate'
    'HTTP_ACCEPT_LANGUAGE' => 'tr-TR,tr;q=0.9,en-US;q=0.8,en;q=0.7'
    'HTTP_COOKIE' => '_identity-backend=11a6ec4f49dea64986132b7c7bd64548366d9a8a5ffa3164fdb37119c1e67312a%3A2%3A%7Bi%3A0%3Bs%3A17%3A%22_identity-backend%22%3Bi%3A1%3Bs%3A46%3A%22%5B1%2C%22qlZVKPVyoMGrynGXEjfrvYOAEEt5_MGg%22%2C2592000%5D%22%3B%7D; advanced-backend=k18eq20s0v7f1lgqj3gq6pmv55; _csrf-backend=92980e59a5e6d3856597fcbb592fb44421d711ba13ea6e31e9bf8905e73f91aca%3A2%3A%7Bi%3A0%3Bs%3A13%3A%22_csrf-backend%22%3Bi%3A1%3Bs%3A32%3A%22Ih64FXqNdv9ZS_HFsp1Mwb4bdUUmLoau%22%3B%7D; advanced-frontend=54947uhi3eudiq9ro3odsthb36; _csrf-frontend=3d9eb502e7ebfa60322c362b1d1a285bd3533a6f25858a9b42077d165035cf43a%3A2%3A%7Bi%3A0%3Bs%3A14%3A%22_csrf-frontend%22%3Bi%3A1%3Bs%3A32%3A%22EhSDuUN5DTfPQZtlPVb9Mczs8amRWAN3%22%3B%7D'
    'PATH' => '/usr/local/sbin:/usr/local/bin:/usr/sbin:/usr/bin:/sbin:/bin'
    'SERVER_SIGNATURE' => '<address>Apache/2.4.18 (Ubuntu) Server at portal.kouosl Port 80</address>
'
    'SERVER_SOFTWARE' => 'Apache/2.4.18 (Ubuntu)'
    'SERVER_NAME' => 'portal.kouosl'
    'SERVER_ADDR' => '192.168.83.137'
    'SERVER_PORT' => '80'
    'REMOTE_ADDR' => '192.168.83.1'
    'DOCUMENT_ROOT' => '/var/www/portal'
    'REQUEST_SCHEME' => 'http'
    'CONTEXT_PREFIX' => ''
    'CONTEXT_DOCUMENT_ROOT' => '/var/www/portal'
    'SERVER_ADMIN' => '[no address given]'
    'SCRIPT_FILENAME' => '/var/www/portal/backend/web/index.php'
    'REMOTE_PORT' => '49532'
    'REDIRECT_URL' => '/admin'
    'GATEWAY_INTERFACE' => 'CGI/1.1'
    'SERVER_PROTOCOL' => 'HTTP/1.1'
    'REQUEST_METHOD' => 'GET'
    'QUERY_STRING' => ''
    'REQUEST_URI' => '/admin'
    'SCRIPT_NAME' => '/backend/web/index.php'
    'PHP_SELF' => '/backend/web/index.php'
    'REQUEST_TIME_FLOAT' => 1546615682.234
    'REQUEST_TIME' => 1546615682
]
2019-01-04 15:28:06 [192.168.83.1][-][-][warning][yii\debug\Module::checkAccess] Access to debugger is denied due to IP address restriction. The requesting IP address is 192.168.83.1
    in /var/www/portal/vendor/kouosl/portal-theme/layouts/backend-main.php:108
    in /var/www/portal/vendor/kouosl/portal-site/controllers/backend/AuthController.php:118
2019-01-04 15:28:06 [192.168.83.1][-][-][warning][yii\debug\Module::checkAccess] Access to debugger is denied due to IP address restriction. The requesting IP address is 192.168.83.1
2019-01-04 15:28:04 [192.168.83.1][-][-][info][application] $_GET = []

$_POST = []

$_FILES = []

$_COOKIE = [
    '_identity-backend' => '11a6ec4f49dea64986132b7c7bd64548366d9a8a5ffa3164fdb37119c1e67312a:2:{i:0;s:17:\"_identity-backend\";i:1;s:46:\"[1,\"qlZVKPVyoMGrynGXEjfrvYOAEEt5_MGg\",2592000]\";}'
    'advanced-backend' => 'k18eq20s0v7f1lgqj3gq6pmv55'
    '_csrf-backend' => '92980e59a5e6d3856597fcbb592fb44421d711ba13ea6e31e9bf8905e73f91aca:2:{i:0;s:13:\"_csrf-backend\";i:1;s:32:\"Ih64FXqNdv9ZS_HFsp1Mwb4bdUUmLoau\";}'
    'advanced-frontend' => '54947uhi3eudiq9ro3odsthb36'
    '_csrf-frontend' => '3d9eb502e7ebfa60322c362b1d1a285bd3533a6f25858a9b42077d165035cf43a:2:{i:0;s:14:\"_csrf-frontend\";i:1;s:32:\"EhSDuUN5DTfPQZtlPVb9Mczs8amRWAN3\";}'
]

$_SESSION = [
    '__flash' => []
    '__returnUrl' => '/admin'
]

$_SERVER = [
    'REDIRECT_STATUS' => '200'
    'HTTP_HOST' => 'portal.kouosl'
    'HTTP_CONNECTION' => 'keep-alive'
    'HTTP_CACHE_CONTROL' => 'max-age=0'
    'HTTP_UPGRADE_INSECURE_REQUESTS' => '1'
    'HTTP_USER_AGENT' => 'Mozilla/5.0 (Windows NT 10.0; Win64; x64) AppleWebKit/537.36 (KHTML, like Gecko) Chrome/71.0.3578.98 Safari/537.36'
    'HTTP_ACCEPT' => 'text/html,application/xhtml+xml,application/xml;q=0.9,image/webp,image/apng,*/*;q=0.8'
    'HTTP_ACCEPT_ENCODING' => 'gzip, deflate'
    'HTTP_ACCEPT_LANGUAGE' => 'tr-TR,tr;q=0.9,en-US;q=0.8,en;q=0.7'
    'HTTP_COOKIE' => '_identity-backend=11a6ec4f49dea64986132b7c7bd64548366d9a8a5ffa3164fdb37119c1e67312a%3A2%3A%7Bi%3A0%3Bs%3A17%3A%22_identity-backend%22%3Bi%3A1%3Bs%3A46%3A%22%5B1%2C%22qlZVKPVyoMGrynGXEjfrvYOAEEt5_MGg%22%2C2592000%5D%22%3B%7D; advanced-backend=k18eq20s0v7f1lgqj3gq6pmv55; _csrf-backend=92980e59a5e6d3856597fcbb592fb44421d711ba13ea6e31e9bf8905e73f91aca%3A2%3A%7Bi%3A0%3Bs%3A13%3A%22_csrf-backend%22%3Bi%3A1%3Bs%3A32%3A%22Ih64FXqNdv9ZS_HFsp1Mwb4bdUUmLoau%22%3B%7D; advanced-frontend=54947uhi3eudiq9ro3odsthb36; _csrf-frontend=3d9eb502e7ebfa60322c362b1d1a285bd3533a6f25858a9b42077d165035cf43a%3A2%3A%7Bi%3A0%3Bs%3A14%3A%22_csrf-frontend%22%3Bi%3A1%3Bs%3A32%3A%22EhSDuUN5DTfPQZtlPVb9Mczs8amRWAN3%22%3B%7D'
    'PATH' => '/usr/local/sbin:/usr/local/bin:/usr/sbin:/usr/bin:/sbin:/bin'
    'SERVER_SIGNATURE' => '<address>Apache/2.4.18 (Ubuntu) Server at portal.kouosl Port 80</address>
'
    'SERVER_SOFTWARE' => 'Apache/2.4.18 (Ubuntu)'
    'SERVER_NAME' => 'portal.kouosl'
    'SERVER_ADDR' => '192.168.83.137'
    'SERVER_PORT' => '80'
    'REMOTE_ADDR' => '192.168.83.1'
    'DOCUMENT_ROOT' => '/var/www/portal'
    'REQUEST_SCHEME' => 'http'
    'CONTEXT_PREFIX' => ''
    'CONTEXT_DOCUMENT_ROOT' => '/var/www/portal'
    'SERVER_ADMIN' => '[no address given]'
    'SCRIPT_FILENAME' => '/var/www/portal/backend/web/index.php'
    'REMOTE_PORT' => '49532'
    'REDIRECT_URL' => '/admin/site/auth/login'
    'GATEWAY_INTERFACE' => 'CGI/1.1'
    'SERVER_PROTOCOL' => 'HTTP/1.1'
    'REQUEST_METHOD' => 'GET'
    'QUERY_STRING' => ''
    'REQUEST_URI' => '/admin/site/auth/login'
    'SCRIPT_NAME' => '/backend/web/index.php'
    'PHP_SELF' => '/backend/web/index.php'
    'REQUEST_TIME_FLOAT' => 1546615684.596
    'REQUEST_TIME' => 1546615684
]
