2019-01-04 16:07:38 [192.168.83.1][-][54947uhi3eudiq9ro3odsthb36][error][ReflectionException] ReflectionException: Class kouosl\acildurum\Module does not exist in /var/www/portal/vendor/yiisoft/yii2/di/Container.php:428
Stack trace:
#0 /var/www/portal/vendor/yiisoft/yii2/di/Container.php(428): ReflectionClass->__construct('kouosl\\acilduru...')
#1 /var/www/portal/vendor/yiisoft/yii2/di/Container.php(364): yii\di\Container->getDependencies('kouosl\\acilduru...')
#2 /var/www/portal/vendor/yiisoft/yii2/di/Container.php(156): yii\di\Container->build('kouosl\\acilduru...', Array, Array)
#3 /var/www/portal/vendor/yiisoft/yii2/BaseYii.php(349): yii\di\Container->get('kouosl\\acilduru...', Array, Array)
#4 /var/www/portal/vendor/yiisoft/yii2/base/Module.php(427): yii\BaseYii::createObject(Array, Array)
#5 /var/www/portal/vendor/yiisoft/yii2/base/Module.php(586): yii\base\Module->getModule('acildurum')
#6 /var/www/portal/vendor/yiisoft/yii2/base/Module.php(522): yii\base\Module->createController('')
#7 /var/www/portal/vendor/yiisoft/yii2/web/Application.php(103): yii\base\Module->runAction('acildurum', Array)
#8 /var/www/portal/vendor/yiisoft/yii2/base/Application.php(386): yii\web\Application->handleRequest(Object(kouosl\base\components\Request))
#9 /var/www/portal/frontend/web/index.php(17): yii\base\Application->run()
#10 {main}
2019-01-04 16:07:39 [192.168.83.1][-][54947uhi3eudiq9ro3odsthb36][warning][yii\debug\Module::checkAccess] Access to debugger is denied due to IP address restriction. The requesting IP address is 192.168.83.1
2019-01-04 16:07:39 [192.168.83.1][-][54947uhi3eudiq9ro3odsthb36][warning][yii\debug\Module::checkAccess] Access to debugger is denied due to IP address restriction. The requesting IP address is 192.168.83.1
2019-01-04 16:07:37 [192.168.83.1][-][54947uhi3eudiq9ro3odsthb36][info][application] $_GET = []

$_POST = []

$_FILES = []

$_COOKIE = [
    '_identity-backend' => '11a6ec4f49dea64986132b7c7bd64548366d9a8a5ffa3164fdb37119c1e67312a:2:{i:0;s:17:\"_identity-backend\";i:1;s:46:\"[1,\"qlZVKPVyoMGrynGXEjfrvYOAEEt5_MGg\",2592000]\";}'
    'advanced-backend' => 'k18eq20s0v7f1lgqj3gq6pmv55'
    'advanced-frontend' => '54947uhi3eudiq9ro3odsthb36'
    '_csrf-frontend' => '3d9eb502e7ebfa60322c362b1d1a285bd3533a6f25858a9b42077d165035cf43a:2:{i:0;s:14:\"_csrf-frontend\";i:1;s:32:\"EhSDuUN5DTfPQZtlPVb9Mczs8amRWAN3\";}'
    '_csrf-backend' => '427a2a257ec84ca8f5ed3c5b70374f17b7f5b2d6c343f9803ababf66549e6e06a:2:{i:0;s:13:\"_csrf-backend\";i:1;s:32:\"FpVQGo7x_DEvXhSd6mmLm3vPwspfEgTQ\";}'
]

$_SESSION = [
    '__flash' => []
]

$_SERVER = [
    'REDIRECT_STATUS' => '200'
    'HTTP_HOST' => 'portal.kouosl'
    'HTTP_CONNECTION' => 'keep-alive'
    'HTTP_UPGRADE_INSECURE_REQUESTS' => '1'
    'HTTP_USER_AGENT' => 'Mozilla/5.0 (Windows NT 10.0; Win64; x64) AppleWebKit/537.36 (KHTML, like Gecko) Chrome/71.0.3578.98 Safari/537.36'
    'HTTP_ACCEPT' => 'text/html,application/xhtml+xml,application/xml;q=0.9,image/webp,image/apng,*/*;q=0.8'
    'HTTP_ACCEPT_ENCODING' => 'gzip, deflate'
    'HTTP_ACCEPT_LANGUAGE' => 'tr-TR,tr;q=0.9,en-US;q=0.8,en;q=0.7'
    'HTTP_COOKIE' => '_identity-backend=11a6ec4f49dea64986132b7c7bd64548366d9a8a5ffa3164fdb37119c1e67312a%3A2%3A%7Bi%3A0%3Bs%3A17%3A%22_identity-backend%22%3Bi%3A1%3Bs%3A46%3A%22%5B1%2C%22qlZVKPVyoMGrynGXEjfrvYOAEEt5_MGg%22%2C2592000%5D%22%3B%7D; advanced-backend=k18eq20s0v7f1lgqj3gq6pmv55; advanced-frontend=54947uhi3eudiq9ro3odsthb36; _csrf-frontend=3d9eb502e7ebfa60322c362b1d1a285bd3533a6f25858a9b42077d165035cf43a%3A2%3A%7Bi%3A0%3Bs%3A14%3A%22_csrf-frontend%22%3Bi%3A1%3Bs%3A32%3A%22EhSDuUN5DTfPQZtlPVb9Mczs8amRWAN3%22%3B%7D; _csrf-backend=427a2a257ec84ca8f5ed3c5b70374f17b7f5b2d6c343f9803ababf66549e6e06a%3A2%3A%7Bi%3A0%3Bs%3A13%3A%22_csrf-backend%22%3Bi%3A1%3Bs%3A32%3A%22FpVQGo7x_DEvXhSd6mmLm3vPwspfEgTQ%22%3B%7D'
    'PATH' => '/usr/local/sbin:/usr/local/bin:/usr/sbin:/usr/bin:/sbin:/bin'
    'SERVER_SIGNATURE' => '<address>Apache/2.4.18 (Ubuntu) Server at portal.kouosl Port 80</address>
'
    'SERVER_SOFTWARE' => 'Apache/2.4.18 (Ubuntu)'
    'SERVER_NAME' => 'portal.kouosl'
    'SERVER_ADDR' => '192.168.83.137'
    'SERVER_PORT' => '80'
    'REMOTE_ADDR' => '192.168.83.1'
    'DOCUMENT_ROOT' => '/var/www/portal'
    'REQUEST_SCHEME' => 'http'
    'CONTEXT_PREFIX' => ''
    'CONTEXT_DOCUMENT_ROOT' => '/var/www/portal'
    'SERVER_ADMIN' => '[no address given]'
    'SCRIPT_FILENAME' => '/var/www/portal/frontend/web/index.php'
    'REMOTE_PORT' => '49993'
    'REDIRECT_URL' => '/acildurum'
    'GATEWAY_INTERFACE' => 'CGI/1.1'
    'SERVER_PROTOCOL' => 'HTTP/1.1'
    'REQUEST_METHOD' => 'GET'
    'QUERY_STRING' => ''
    'REQUEST_URI' => '/acildurum'
    'SCRIPT_NAME' => '/frontend/web/index.php'
    'PHP_SELF' => '/frontend/web/index.php'
    'REQUEST_TIME_FLOAT' => 1546618057.368
    'REQUEST_TIME' => 1546618057
]
2019-01-04 16:17:32 [192.168.83.1][-][-][warning][yii\debug\Module::checkAccess] Access to debugger is denied due to IP address restriction. The requesting IP address is 192.168.83.1
2019-01-04 16:17:32 [192.168.83.1][-][-][info][application] $_GET = []

$_POST = []

$_FILES = []

$_COOKIE = [
    '_identity-backend' => '11a6ec4f49dea64986132b7c7bd64548366d9a8a5ffa3164fdb37119c1e67312a:2:{i:0;s:17:\"_identity-backend\";i:1;s:46:\"[1,\"qlZVKPVyoMGrynGXEjfrvYOAEEt5_MGg\",2592000]\";}'
    'advanced-backend' => 'k18eq20s0v7f1lgqj3gq6pmv55'
    'advanced-frontend' => '54947uhi3eudiq9ro3odsthb36'
    '_csrf-frontend' => '3d9eb502e7ebfa60322c362b1d1a285bd3533a6f25858a9b42077d165035cf43a:2:{i:0;s:14:\"_csrf-frontend\";i:1;s:32:\"EhSDuUN5DTfPQZtlPVb9Mczs8amRWAN3\";}'
    '_csrf-backend' => '427a2a257ec84ca8f5ed3c5b70374f17b7f5b2d6c343f9803ababf66549e6e06a:2:{i:0;s:13:\"_csrf-backend\";i:1;s:32:\"FpVQGo7x_DEvXhSd6mmLm3vPwspfEgTQ\";}'
]

$_SESSION = [
    '__flash' => []
    '__returnUrl' => '/acildurum'
]

$_SERVER = [
    'REDIRECT_STATUS' => '200'
    'HTTP_HOST' => 'portal.kouosl'
    'HTTP_CONNECTION' => 'keep-alive'
    'HTTP_CACHE_CONTROL' => 'max-age=0'
    'HTTP_UPGRADE_INSECURE_REQUESTS' => '1'
    'HTTP_USER_AGENT' => 'Mozilla/5.0 (Windows NT 10.0; Win64; x64) AppleWebKit/537.36 (KHTML, like Gecko) Chrome/71.0.3578.98 Safari/537.36'
    'HTTP_ACCEPT' => 'text/html,application/xhtml+xml,application/xml;q=0.9,image/webp,image/apng,*/*;q=0.8'
    'HTTP_ACCEPT_ENCODING' => 'gzip, deflate'
    'HTTP_ACCEPT_LANGUAGE' => 'tr-TR,tr;q=0.9,en-US;q=0.8,en;q=0.7'
    'HTTP_COOKIE' => '_identity-backend=11a6ec4f49dea64986132b7c7bd64548366d9a8a5ffa3164fdb37119c1e67312a%3A2%3A%7Bi%3A0%3Bs%3A17%3A%22_identity-backend%22%3Bi%3A1%3Bs%3A46%3A%22%5B1%2C%22qlZVKPVyoMGrynGXEjfrvYOAEEt5_MGg%22%2C2592000%5D%22%3B%7D; advanced-backend=k18eq20s0v7f1lgqj3gq6pmv55; advanced-frontend=54947uhi3eudiq9ro3odsthb36; _csrf-frontend=3d9eb502e7ebfa60322c362b1d1a285bd3533a6f25858a9b42077d165035cf43a%3A2%3A%7Bi%3A0%3Bs%3A14%3A%22_csrf-frontend%22%3Bi%3A1%3Bs%3A32%3A%22EhSDuUN5DTfPQZtlPVb9Mczs8amRWAN3%22%3B%7D; _csrf-backend=427a2a257ec84ca8f5ed3c5b70374f17b7f5b2d6c343f9803ababf66549e6e06a%3A2%3A%7Bi%3A0%3Bs%3A13%3A%22_csrf-backend%22%3Bi%3A1%3Bs%3A32%3A%22FpVQGo7x_DEvXhSd6mmLm3vPwspfEgTQ%22%3B%7D'
    'PATH' => '/usr/local/sbin:/usr/local/bin:/usr/sbin:/usr/bin:/sbin:/bin'
    'SERVER_SIGNATURE' => '<address>Apache/2.4.18 (Ubuntu) Server at portal.kouosl Port 80</address>
'
    'SERVER_SOFTWARE' => 'Apache/2.4.18 (Ubuntu)'
    'SERVER_NAME' => 'portal.kouosl'
    'SERVER_ADDR' => '192.168.83.137'
    'SERVER_PORT' => '80'
    'REMOTE_ADDR' => '192.168.83.1'
    'DOCUMENT_ROOT' => '/var/www/portal'
    'REQUEST_SCHEME' => 'http'
    'CONTEXT_PREFIX' => ''
    'CONTEXT_DOCUMENT_ROOT' => '/var/www/portal'
    'SERVER_ADMIN' => '[no address given]'
    'SCRIPT_FILENAME' => '/var/www/portal/frontend/web/index.php'
    'REMOTE_PORT' => '50366'
    'REDIRECT_URL' => '/acildurum'
    'GATEWAY_INTERFACE' => 'CGI/1.1'
    'SERVER_PROTOCOL' => 'HTTP/1.1'
    'REQUEST_METHOD' => 'GET'
    'QUERY_STRING' => ''
    'REQUEST_URI' => '/acildurum'
    'SCRIPT_NAME' => '/frontend/web/index.php'
    'PHP_SELF' => '/frontend/web/index.php'
    'REQUEST_TIME_FLOAT' => 1546618652.016
    'REQUEST_TIME' => 1546618652
]
2019-01-04 16:17:33 [192.168.83.1][-][-][warning][yii\debug\Module::checkAccess] Access to debugger is denied due to IP address restriction. The requesting IP address is 192.168.83.1
    in /var/www/portal/vendor/kouosl/portal-theme/layouts/frontend-main.php:131
    in /var/www/portal/vendor/kouosl/portal-site/controllers/frontend/AuthController.php:125
2019-01-04 16:17:33 [192.168.83.1][-][-][warning][yii\debug\Module::checkAccess] Access to debugger is denied due to IP address restriction. The requesting IP address is 192.168.83.1
2019-01-04 16:17:32 [192.168.83.1][-][-][info][application] $_GET = []

$_POST = []

$_FILES = []

$_COOKIE = [
    '_identity-backend' => '11a6ec4f49dea64986132b7c7bd64548366d9a8a5ffa3164fdb37119c1e67312a:2:{i:0;s:17:\"_identity-backend\";i:1;s:46:\"[1,\"qlZVKPVyoMGrynGXEjfrvYOAEEt5_MGg\",2592000]\";}'
    'advanced-backend' => 'k18eq20s0v7f1lgqj3gq6pmv55'
    'advanced-frontend' => '54947uhi3eudiq9ro3odsthb36'
    '_csrf-frontend' => '3d9eb502e7ebfa60322c362b1d1a285bd3533a6f25858a9b42077d165035cf43a:2:{i:0;s:14:\"_csrf-frontend\";i:1;s:32:\"EhSDuUN5DTfPQZtlPVb9Mczs8amRWAN3\";}'
    '_csrf-backend' => '427a2a257ec84ca8f5ed3c5b70374f17b7f5b2d6c343f9803ababf66549e6e06a:2:{i:0;s:13:\"_csrf-backend\";i:1;s:32:\"FpVQGo7x_DEvXhSd6mmLm3vPwspfEgTQ\";}'
]

$_SESSION = [
    '__flash' => []
    '__returnUrl' => '/acildurum'
    'lang' => 'en-US'
]

$_SERVER = [
    'REDIRECT_STATUS' => '200'
    'HTTP_HOST' => 'portal.kouosl'
    'HTTP_CONNECTION' => 'keep-alive'
    'HTTP_CACHE_CONTROL' => 'max-age=0'
    'HTTP_UPGRADE_INSECURE_REQUESTS' => '1'
    'HTTP_USER_AGENT' => 'Mozilla/5.0 (Windows NT 10.0; Win64; x64) AppleWebKit/537.36 (KHTML, like Gecko) Chrome/71.0.3578.98 Safari/537.36'
    'HTTP_ACCEPT' => 'text/html,application/xhtml+xml,application/xml;q=0.9,image/webp,image/apng,*/*;q=0.8'
    'HTTP_ACCEPT_ENCODING' => 'gzip, deflate'
    'HTTP_ACCEPT_LANGUAGE' => 'tr-TR,tr;q=0.9,en-US;q=0.8,en;q=0.7'
    'HTTP_COOKIE' => '_identity-backend=11a6ec4f49dea64986132b7c7bd64548366d9a8a5ffa3164fdb37119c1e67312a%3A2%3A%7Bi%3A0%3Bs%3A17%3A%22_identity-backend%22%3Bi%3A1%3Bs%3A46%3A%22%5B1%2C%22qlZVKPVyoMGrynGXEjfrvYOAEEt5_MGg%22%2C2592000%5D%22%3B%7D; advanced-backend=k18eq20s0v7f1lgqj3gq6pmv55; advanced-frontend=54947uhi3eudiq9ro3odsthb36; _csrf-frontend=3d9eb502e7ebfa60322c362b1d1a285bd3533a6f25858a9b42077d165035cf43a%3A2%3A%7Bi%3A0%3Bs%3A14%3A%22_csrf-frontend%22%3Bi%3A1%3Bs%3A32%3A%22EhSDuUN5DTfPQZtlPVb9Mczs8amRWAN3%22%3B%7D; _csrf-backend=427a2a257ec84ca8f5ed3c5b70374f17b7f5b2d6c343f9803ababf66549e6e06a%3A2%3A%7Bi%3A0%3Bs%3A13%3A%22_csrf-backend%22%3Bi%3A1%3Bs%3A32%3A%22FpVQGo7x_DEvXhSd6mmLm3vPwspfEgTQ%22%3B%7D'
    'PATH' => '/usr/local/sbin:/usr/local/bin:/usr/sbin:/usr/bin:/sbin:/bin'
    'SERVER_SIGNATURE' => '<address>Apache/2.4.18 (Ubuntu) Server at portal.kouosl Port 80</address>
'
    'SERVER_SOFTWARE' => 'Apache/2.4.18 (Ubuntu)'
    'SERVER_NAME' => 'portal.kouosl'
    'SERVER_ADDR' => '192.168.83.137'
    'SERVER_PORT' => '80'
    'REMOTE_ADDR' => '192.168.83.1'
    'DOCUMENT_ROOT' => '/var/www/portal'
    'REQUEST_SCHEME' => 'http'
    'CONTEXT_PREFIX' => ''
    'CONTEXT_DOCUMENT_ROOT' => '/var/www/portal'
    'SERVER_ADMIN' => '[no address given]'
    'SCRIPT_FILENAME' => '/var/www/portal/frontend/web/index.php'
    'REMOTE_PORT' => '50366'
    'REDIRECT_URL' => '/site/auth/login'
    'GATEWAY_INTERFACE' => 'CGI/1.1'
    'SERVER_PROTOCOL' => 'HTTP/1.1'
    'REQUEST_METHOD' => 'GET'
    'QUERY_STRING' => ''
    'REQUEST_URI' => '/site/auth/login'
    'SCRIPT_NAME' => '/frontend/web/index.php'
    'PHP_SELF' => '/frontend/web/index.php'
    'REQUEST_TIME_FLOAT' => 1546618652.604
    'REQUEST_TIME' => 1546618652
]
2019-01-06 12:00:52 [192.168.83.1][-][pisemddoblc7id0nmngpu4h6i6][error][yii\web\HttpException:404] yii\base\InvalidRouteException: Unable to resolve the request "favicon.ico". in /var/www/portal/vendor/yiisoft/yii2/base/Module.php:537
Stack trace:
#0 /var/www/portal/vendor/yiisoft/yii2/web/Application.php(103): yii\base\Module->runAction('favicon.ico', Array)
#1 /var/www/portal/vendor/yiisoft/yii2/base/Application.php(386): yii\web\Application->handleRequest(Object(kouosl\base\components\Request))
#2 /var/www/portal/frontend/web/index.php(17): yii\base\Application->run()
#3 {main}

Next yii\web\NotFoundHttpException: Page not found. in /var/www/portal/vendor/yiisoft/yii2/web/Application.php:115
Stack trace:
#0 /var/www/portal/vendor/yiisoft/yii2/base/Application.php(386): yii\web\Application->handleRequest(Object(kouosl\base\components\Request))
#1 /var/www/portal/frontend/web/index.php(17): yii\base\Application->run()
#2 {main}
2019-01-06 12:00:56 [192.168.83.1][-][pisemddoblc7id0nmngpu4h6i6][warning][yii\debug\Module::checkAccess] Access to debugger is denied due to IP address restriction. The requesting IP address is 192.168.83.1
    in /var/www/portal/vendor/kouosl/portal-theme/layouts/frontend-main.php:131
2019-01-06 12:00:56 [192.168.83.1][-][pisemddoblc7id0nmngpu4h6i6][warning][yii\debug\Module::checkAccess] Access to debugger is denied due to IP address restriction. The requesting IP address is 192.168.83.1
2019-01-06 12:00:50 [192.168.83.1][-][pisemddoblc7id0nmngpu4h6i6][info][application] $_GET = []

$_POST = []

$_FILES = []

$_COOKIE = [
    '_identity-backend' => '11a6ec4f49dea64986132b7c7bd64548366d9a8a5ffa3164fdb37119c1e67312a:2:{i:0;s:17:\"_identity-backend\";i:1;s:46:\"[1,\"qlZVKPVyoMGrynGXEjfrvYOAEEt5_MGg\",2592000]\";}'
    '_csrf-backend' => '33866b4a0513c6bbee25b29636ec7e3367c75c21c70577e09bcde4b5d85fd95fa:2:{i:0;s:13:\"_csrf-backend\";i:1;s:32:\"HX_bw9KVqsGOC95tNNK35IrDKYPeaCt5\";}'
]

$_SESSION = [
    '__flash' => []
    'lang' => 'en-US'
]

$_SERVER = [
    'REDIRECT_STATUS' => '200'
    'HTTP_HOST' => 'portal.kouosl'
    'HTTP_CONNECTION' => 'keep-alive'
    'HTTP_USER_AGENT' => 'Mozilla/5.0 (Windows NT 10.0; Win64; x64) AppleWebKit/537.36 (KHTML, like Gecko) Chrome/71.0.3578.98 Safari/537.36'
    'HTTP_ACCEPT' => 'image/webp,image/apng,image/*,*/*;q=0.8'
    'HTTP_REFERER' => 'http://portal.kouosl/admin/gii'
    'HTTP_ACCEPT_ENCODING' => 'gzip, deflate'
    'HTTP_ACCEPT_LANGUAGE' => 'tr-TR,tr;q=0.9,en-US;q=0.8,en;q=0.7'
    'HTTP_COOKIE' => '_identity-backend=11a6ec4f49dea64986132b7c7bd64548366d9a8a5ffa3164fdb37119c1e67312a%3A2%3A%7Bi%3A0%3Bs%3A17%3A%22_identity-backend%22%3Bi%3A1%3Bs%3A46%3A%22%5B1%2C%22qlZVKPVyoMGrynGXEjfrvYOAEEt5_MGg%22%2C2592000%5D%22%3B%7D; _csrf-backend=33866b4a0513c6bbee25b29636ec7e3367c75c21c70577e09bcde4b5d85fd95fa%3A2%3A%7Bi%3A0%3Bs%3A13%3A%22_csrf-backend%22%3Bi%3A1%3Bs%3A32%3A%22HX_bw9KVqsGOC95tNNK35IrDKYPeaCt5%22%3B%7D'
    'PATH' => '/usr/local/sbin:/usr/local/bin:/usr/sbin:/usr/bin:/sbin:/bin'
    'SERVER_SIGNATURE' => '<address>Apache/2.4.18 (Ubuntu) Server at portal.kouosl Port 80</address>
'
    'SERVER_SOFTWARE' => 'Apache/2.4.18 (Ubuntu)'
    'SERVER_NAME' => 'portal.kouosl'
    'SERVER_ADDR' => '192.168.83.137'
    'SERVER_PORT' => '80'
    'REMOTE_ADDR' => '192.168.83.1'
    'DOCUMENT_ROOT' => '/var/www/portal'
    'REQUEST_SCHEME' => 'http'
    'CONTEXT_PREFIX' => ''
    'CONTEXT_DOCUMENT_ROOT' => '/var/www/portal'
    'SERVER_ADMIN' => '[no address given]'
    'SCRIPT_FILENAME' => '/var/www/portal/frontend/web/index.php'
    'REMOTE_PORT' => '54559'
    'REDIRECT_URL' => '/favicon.ico'
    'GATEWAY_INTERFACE' => 'CGI/1.1'
    'SERVER_PROTOCOL' => 'HTTP/1.1'
    'REQUEST_METHOD' => 'GET'
    'QUERY_STRING' => ''
    'REQUEST_URI' => '/favicon.ico'
    'SCRIPT_NAME' => '/frontend/web/index.php'
    'PHP_SELF' => '/frontend/web/index.php'
    'REQUEST_TIME_FLOAT' => 1546776050.004
    'REQUEST_TIME' => 1546776050
]
